<?xml version="1.0" encoding="UTF-8" ?>
<testsuite errors="0" failures="0" hostname="Prakash-PC" name="test.com.server.AppTestSuite" skipped="0" tests="33" time="3.301" timestamp="2021-02-28T18:21:52">
  <properties>
    <property name="java.vendor" value="Oracle Corporation" />
    <property name="sun.java.launcher" value="SUN_STANDARD" />
    <property name="sun.management.compiler" value="HotSpot 64-Bit Tiered Compilers" />
    <property name="tomcat-manager-password" value="admin" />
    <property name="dist" value="output" />
    <property name="os.name" value="Windows 7" />
    <property name="sun.boot.class.path" value="D:\jdk1.8.144\jre\lib\resources.jar;D:\jdk1.8.144\jre\lib\rt.jar;D:\jdk1.8.144\jre\lib\sunrsasign.jar;D:\jdk1.8.144\jre\lib\jsse.jar;D:\jdk1.8.144\jre\lib\jce.jar;D:\jdk1.8.144\jre\lib\charsets.jar;D:\jdk1.8.144\jre\lib\jfr.jar;D:\jdk1.8.144\jre\classes" />
    <property name="sun.desktop" value="windows" />
    <property name="java.vm.specification.vendor" value="Oracle Corporation" />
    <property name="ant.home" value="D:\apache-ant-1.9.15-bin\bin\.." />
    <property name="java.runtime.version" value="1.8.0_144-b01" />
    <property name="user.name" value="Prakash" />
    <property name="ant.file.Web-LoginProject" value="D:\Jenkins-CI-Introduction\Projects\LoginWebApp\build.xml" />
    <property name="reports" value="D:\Jenkins-CI-Introduction\Projects\LoginWebApp\reports" />
    <property name="build.dir" value="build/classes" />
    <property name="tomcat-manager-username" value="admin" />
    <property name="data" value="D:\Jenkins-CI-Introduction\Projects\LoginWebApp\reports" />
    <property name="user.language" value="en" />
    <property name="sun.boot.library.path" value="D:\jdk1.8.144\jre\bin" />
    <property name="ant.project.default-target" value="build-war" />
    <property name="ant.project.name" value="Web-LoginProject" />
    <property name="java.version" value="1.8.0_144" />
    <property name="user.timezone" value="" />
    <property name="sun.arch.data.model" value="64" />
    <property name="java.endorsed.dirs" value="D:\jdk1.8.144\jre\lib\endorsed" />
    <property name="sun.cpu.isalist" value="amd64" />
    <property name="sun.jnu.encoding" value="Cp1252" />
    <property name="file.encoding.pkg" value="sun.io" />
    <property name="file.separator" value="\" />
    <property name="java.specification.name" value="Java Platform API Specification" />
    <property name="java.class.version" value="52.0" />
    <property name="user.country" value="US" />
    <property name="java.home" value="D:\jdk1.8.144\jre" />
    <property name="java.vm.info" value="mixed mode" />
    <property name="ant.file" value="D:\Jenkins-CI-Introduction\Projects\LoginWebApp\build.xml" />
    <property name="os.version" value="6.1" />
    <property name="ant.file.type.Web-LoginProject" value="file" />
    <property name="path.separator" value=";" />
    <property name="java.vm.version" value="25.144-b01" />
    <property name="user.variant" value="" />
    <property name="ant.library.dir" value="D:\apache-ant-1.9.15-bin\lib" />
    <property name="app-url" value="http://localhost:1100" />
    <property name="java.awt.printerjob" value="sun.awt.windows.WPrinterJob" />
    <property name="sun.io.unicode.encoding" value="UnicodeLittle" />
    <property name="awt.toolkit" value="sun.awt.windows.WToolkit" />
    <property name="sun.stdout.encoding" value="cp437" />
    <property name="user.script" value="" />
    <property name="user.home" value="C:\Users\Prakash" />
    <property name="java.specification.vendor" value="Oracle Corporation" />
    <property name="java.library.path" value="D:\jdk1.8.144\jre\bin;C:\Windows\Sun\Java\bin;C:\Windows\system32;C:\Windows;C:\Windows\System32;D:/jdk1.8.144/bin;D:\apache-groovy-3.0.7\bin;C:\Program Files\nodejs;C:/Program Files/Git/bin;C:\Windows\System32;C:\Python27;C:\Users\Prakash\AppData\Roaming\npm;D:\curl-7.70\bin;C:\Windows\System32\WindowsPowerShell\v1.0;;D:\apache-ant-1.9.15-bin\bin;;." />
    <property name="java.vendor.url" value="http://java.oracle.com/" />
    <property name="builder" value="MyTeam " />
    <property name="java.vm.vendor" value="Oracle Corporation" />
    <property name="java.runtime.name" value="Java(TM) SE Runtime Environment" />
    <property name="sun.java.command" value="org.apache.tools.ant.taskdefs.optional.junit.JUnitTestRunner test.com.server.AppTestSuite skipNonTests=false filtertrace=true haltOnError=false haltOnFailure=false formatter=org.apache.tools.ant.taskdefs.optional.junit.SummaryJUnitResultFormatter showoutput=true outputtoformatters=true logfailedtests=true threadid=0 logtestlistenerevents=false formatter=org.apache.tools.ant.taskdefs.optional.junit.PlainJUnitResultFormatter formatter=org.apache.tools.ant.taskdefs.optional.junit.XMLJUnitResultFormatter,D:\Jenkins-CI-Introduction\Projects\LoginWebApp\reports\test-result.xml crashfile=D:\Jenkins-CI-Introduction\Projects\LoginWebApp\junitvmwatcher7594364560530196270.properties propsfile=D:\Jenkins-CI-Introduction\Projects\LoginWebApp\junit78267917607710331.properties" />
    <property name="java.class.path" value="D:\Jenkins-CI-Introduction\Projects\LoginWebApp\build\classes;D:\jdk1.8.144\lib\tools.jar;D:\Jenkins-CI-Introduction\Projects\LoginWebApp\lib\HtmlUnit\commons-codec-1.10.jar;D:\Jenkins-CI-Introduction\Projects\LoginWebApp\lib\HtmlUnit\commons-io-2.6.jar;D:\Jenkins-CI-Introduction\Projects\LoginWebApp\lib\HtmlUnit\commons-lang3-3.7.jar;D:\Jenkins-CI-Introduction\Projects\LoginWebApp\lib\HtmlUnit\commons-logging-1.2.jar;D:\Jenkins-CI-Introduction\Projects\LoginWebApp\lib\HtmlUnit\commons-net-3.6.jar;D:\Jenkins-CI-Introduction\Projects\LoginWebApp\lib\HtmlUnit\commons-text-1.2.jar;D:\Jenkins-CI-Introduction\Projects\LoginWebApp\lib\HtmlUnit\cssparser-0.9.24.jar;D:\Jenkins-CI-Introduction\Projects\LoginWebApp\lib\HtmlUnit\htmlunit-2.29.jar;D:\Jenkins-CI-Introduction\Projects\LoginWebApp\lib\HtmlUnit\htmlunit-core-js-2.28.jar;D:\Jenkins-CI-Introduction\Projects\LoginWebApp\lib\HtmlUnit\httpclient-4.5.4.jar;D:\Jenkins-CI-Introduction\Projects\LoginWebApp\lib\HtmlUnit\httpcore-4.4.7.jar;D:\Jenkins-CI-Introduction\Projects\LoginWebApp\lib\HtmlUnit\httpmime-4.5.4.jar;D:\Jenkins-CI-Introduction\Projects\LoginWebApp\lib\HtmlUnit\jetty-client-9.4.8.v20171121.jar;D:\Jenkins-CI-Introduction\Projects\LoginWebApp\lib\HtmlUnit\jetty-http-9.4.8.v20171121.jar;D:\Jenkins-CI-Introduction\Projects\LoginWebApp\lib\HtmlUnit\jetty-io-9.4.8.v20171121.jar;D:\Jenkins-CI-Introduction\Projects\LoginWebApp\lib\HtmlUnit\jetty-util-9.4.8.v20171121.jar;D:\Jenkins-CI-Introduction\Projects\LoginWebApp\lib\HtmlUnit\jetty-xml-9.4.8.v20171121.jar;D:\Jenkins-CI-Introduction\Projects\LoginWebApp\lib\HtmlUnit\neko-htmlunit-2.28.jar;D:\Jenkins-CI-Introduction\Projects\LoginWebApp\lib\HtmlUnit\sac-1.3.jar;D:\Jenkins-CI-Introduction\Projects\LoginWebApp\lib\HtmlUnit\serializer-2.7.2.jar;D:\Jenkins-CI-Introduction\Projects\LoginWebApp\lib\HtmlUnit\websocket-api-9.4.8.v20171121.jar;D:\Jenkins-CI-Introduction\Projects\LoginWebApp\lib\HtmlUnit\websocket-client-9.4.8.v20171121.jar;D:\Jenkins-CI-Introduction\Projects\LoginWebApp\lib\HtmlUnit\websocket-common-9.4.8.v20171121.jar;D:\Jenkins-CI-Introduction\Projects\LoginWebApp\lib\HtmlUnit\xalan-2.7.2.jar;D:\Jenkins-CI-Introduction\Projects\LoginWebApp\lib\HtmlUnit\xercesImpl-2.11.0.jar;D:\Jenkins-CI-Introduction\Projects\LoginWebApp\lib\HtmlUnit\xml-apis-1.4.01.jar;D:\Jenkins-CI-Introduction\Projects\LoginWebApp\lib\junit-4.2.jar;D:\Jenkins-CI-Introduction\Projects\LoginWebApp\lib\mockito-all-1.10.19.jar;D:\Jenkins-CI-Introduction\Projects\LoginWebApp\lib\servlet-api.jar;D:\Jenkins-CI-Introduction\Projects\LoginWebApp\lib\spring-core-4.1.5.RELEASE.jar;D:\Jenkins-CI-Introduction\Projects\LoginWebApp\lib\spring-test-4.1.5.RELEASE.jar;D:\Jenkins-CI-Introduction\Projects\LoginWebApp\WebContent\WEB-INF\lib\weld-servlet-1.1.33.Final.jar;D:\apache-ant-1.9.15-bin\lib\ant-launcher.jar;D:\apache-ant-1.9.15-bin\lib\ant.jar;D:\apache-ant-1.9.15-bin\lib\ant-junit.jar;D:\apache-ant-1.9.15-bin\lib\ant-junit4.jar" />
    <property name="ant.version" value="Apache Ant(TM) version 1.9.15 compiled on May 10 2020" />
    <property name="java.vm.specification.name" value="Java Virtual Machine Specification" />
    <property name="ant.file.type" value="file" />
    <property name="java.vm.specification.version" value="1.8" />
    <property name="sun.cpu.endian" value="little" />
    <property name="sun.os.patch.level" value="Service Pack 1" />
    <property name="java.io.tmpdir" value="C:\Users\Prakash\AppData\Local\Temp\" />
    <property name="java.vendor.url.bug" value="http://bugreport.sun.com/bugreport/" />
    <property name="os.arch" value="amd64" />
    <property name="java.awt.graphicsenv" value="sun.awt.Win32GraphicsEnvironment" />
    <property name="java.ext.dirs" value="D:\jdk1.8.144\jre\lib\ext;C:\Windows\Sun\Java\lib\ext" />
    <property name="user.dir" value="D:\Jenkins-CI-Introduction\Projects\LoginWebApp" />
    <property name="line.separator" value="&#xd;&#xa;" />
    <property name="java.vm.name" value="Java HotSpot(TM) 64-Bit Server VM" />
    <property name="project-name" value="TestApp" />
    <property name="basedir" value="D:\Jenkins-CI-Introduction\Projects\LoginWebApp" />
    <property name="ant.java.version" value="1.8" />
    <property name="ant.core.lib" value="D:\apache-ant-1.9.15-bin\lib\ant.jar" />
    <property name="tomcat-manager-url" value="http://localhost:1100/manager/text" />
    <property name="file.encoding" value="Cp1252" />
    <property name="sun.stderr.encoding" value="cp437" />
    <property name="source.dir" value="src" />
    <property name="java.specification.version" value="1.8" />
    <property name="ant.project.invoked-targets" value="build-war" />
  </properties>
  <testcase classname="test.com.server.TestHttpLoginPage" name="verifyLoginPageFormPasswordElement" time="1.67" />
  <testcase classname="test.com.server.TestHttpLoginPage" name="verifyLoginPageFormLineBreakIndex" time="0.101" />
  <testcase classname="test.com.server.TestHttpLoginPage" name="verifyLoginPageFormSecondLineBreakIndex" time="0.093" />
  <testcase classname="test.com.server.TestHttpLoginPage" name="verifyLoginPageFormSubmitButtonValue" time="0.078" />
  <testcase classname="test.com.server.TestHttpLoginPage" name="verifyLoginPageFormSubmitButtonIDValue" time="0.075" />
  <testcase classname="test.com.server.TestHttpLoginPage" name="verifyLoginPageFormClearButtonValue" time="0.136" />
  <testcase classname="test.com.server.TestHttpLoginPage" name="verifyLoginPageTitle" time="0.036" />
  <testcase classname="test.com.server.TestHttpLoginPage" name="verifyLoginFormID" time="0.023" />
  <testcase classname="test.com.server.TestHttpLoginPage" name="checkLoginFormAction" time="0.02" />
  <testcase classname="test.com.server.TestHttpLoginPage" name="checkLoginFormMethod" time="0.021" />
  <testcase classname="test.com.server.TestHttpLoginPage" name="verifyLoginPageFormElements" time="0.031" />
  <testcase classname="test.com.server.TestHttpLoginPage" name="verifyLoginPageFormNameElement" time="0.023" />
  <testcase classname="test.com.server.TestHttpLoginPage" name="verifyLoginPageFormNameSize" time="0.026" />
  <testcase classname="test.com.server.TestHttpLoginPage" name="verifyLoginPageFormByName" time="0.032" />
  <testcase classname="test.com.server.TestHttpLoginPage" name="verifyLoginPageForm" time="0.036" />
  <testcase classname="test.com.server.TestHttpLoginPage" name="verifyLoginPageMessage" time="0.061" />
  <testcase classname="test.com.server.TestHttpLoginPage" name="verifyLoginPageExists" time="0.052" />
  <testcase classname="test.com.server.TestHttpLoginPage" name="verifyLoginPageFormPasswordType" time="0.017" />
  <testcase classname="test.com.server.TestHttpLoginPage" name="verifyLoginPageFormLabels" time="0.017" />
  <testcase classname="test.com.server.TestHttpLoginPage" name="verifyLoginPageFormUnameLabel" time="0.013" />
  <testcase classname="test.com.server.TestHttpLoginPage" name="verifyLoginPageFormPasswordLabel" time="0.012" />
  <testcase classname="test.com.server.TestHttpLoginPage" name="verifyLoginPageFormChildren" time="0.024" />
  <testcase classname="test.com.server.TestHttpLoginPage" name="verifyLoginPageFormLineBreak" time="0.013" />
  <testcase classname="test.com.server.TestHttpLoginPage" name="verifyLoginPageFormSubmitButton" time="0.016" />
  <testcase classname="test.com.server.TestHttpLoginPage" name="verifyLoginPageFormClearButton" time="0.012" />
  <testcase classname="test.com.server.TestLoginServlet" name="verifyGetSubmitHttpRequestToLoginServlet" time="0.306" />
  <testcase classname="test.com.server.TestLoginServlet" name="verifyPostSubmitHttpRequestToLoginServlet" time="0.004" />
  <testcase classname="test.com.server.TestLoginServlet" name="verifyLoginServletObject" time="0.001" />
  <testcase classname="test.com.server.TestLoginServlet" name="verifyLoginServletInit" time="0.001" />
  <testcase classname="test.com.server.TestLoginServlet" name="verifyLoginErrorLoginServlet" time="0.002" />
  <testcase classname="test.com.server.TestUserService" name="verifyServiceObject" time="0.001" />
  <testcase classname="test.com.server.TestUserService" name="verifyValidationSuccess" time="0.0" />
  <testcase classname="test.com.server.TestUserService" name="verifyValidationError" time="0.0" />
  <system-out><![CDATA[LoginServlet init 
LoginServlet init 
LoginServlet init 
LoginServlet init 
LoginServlet init 
LoginServlet init 
]]></system-out>
  <system-err><![CDATA[]]></system-err>
</testsuite>
